<?xml version="1.0" encoding="UTF-8"?>
<!-- Generated by org.testng.reporters.JUnitReportReporter -->
<testsuite hostname="fv-az1118-740" failures="0" tests="4" name="FirstPageTest" time="1.713" errors="0" timestamp="02 Jan 2024 21:44:42 GMT" skipped="0">
  <testcase classname="FirstPageTest" name="returnFirstPage" time="0.048"/>
  <testcase classname="FirstPageTest" name="returnFirstPage" time="0.395"/>
  <testcase classname="FirstPageTest" name="enterStoreLinkTest" time="0.907"/>
  <testcase classname="FirstPageTest" name="enterStoreLinkTest" time="0.363"/>
</testsuite> <!-- FirstPageTest -->
