<?xml version="1.0" encoding="UTF-8"?>
<!-- Generated by org.testng.reporters.JUnitReportReporter -->
<testsuite hostname="fv-az1118-740" failures="0" tests="6" name="MainPageTest" time="14.174" errors="0" timestamp="02 Jan 2024 21:44:42 GMT" skipped="0">
  <testcase classname="MainPageTest" name="signInButtonTest" time="1.143"/>
  <testcase classname="MainPageTest" name="badSearchInputTest" time="3.512"/>
  <testcase classname="MainPageTest" name="badSearchInputTest" time="1.141"/>
  <testcase classname="MainPageTest" name="goodSearchInputTest" time="1.076"/>
  <testcase classname="MainPageTest" name="signInButtonTest" time="3.343"/>
  <testcase classname="MainPageTest" name="goodSearchInputTest" time="3.959"/>
</testsuite> <!-- MainPageTest -->
